{"/home/theophilus/Desktop/Tech/OSS/Drips/Wave7/Theo/padipay-relayer-api/src/builders/transaction.builder.js": {"path":"/home/theophilus/Desktop/Tech/OSS/Drips/Wave7/Theo/padipay-relayer-api/src/builders/transaction.builder.js","statementMap":{"0":{"start":{"line":1,"column":19},"end":{"line":1,"column":41}},"1":{"start":{"line":2,"column":17},"end":{"line":2,"column":46}},"2":{"start":{"line":3,"column":21},"end":{"line":3,"column":54}},"3":{"start":{"line":12,"column":33},"end":{"line":69,"column":1}},"4":{"start":{"line":20,"column":27},"end":{"line":43,"column":3}},"5":{"start":{"line":22,"column":4},"end":{"line":26,"column":5}},"6":{"start":{"line":23,"column":6},"end":{"line":23,"column":55}},"7":{"start":{"line":25,"column":6},"end":{"line":25,"column":79}},"8":{"start":{"line":28,"column":4},"end":{"line":42,"column":5}},"9":{"start":{"line":29,"column":24},"end":{"line":29,"column":56}},"10":{"start":{"line":31,"column":26},"end":{"line":37,"column":16}},"11":{"start":{"line":39,"column":6},"end":{"line":39,"column":33}},"12":{"start":{"line":41,"column":6},"end":{"line":41,"column":78}},"13":{"start":{"line":50,"column":34},"end":{"line":66,"column":3}},"14":{"start":{"line":51,"column":4},"end":{"line":65,"column":5}},"15":{"start":{"line":52,"column":22},"end":{"line":52,"column":107}},"16":{"start":{"line":53,"column":29},"end":{"line":53,"column":86}},"17":{"start":{"line":55,"column":24},"end":{"line":60,"column":7}},"18":{"start":{"line":62,"column":6},"end":{"line":62,"column":31}},"19":{"start":{"line":64,"column":6},"end":{"line":64,"column":87}},"20":{"start":{"line":68,"column":2},"end":{"line":68,"column":55}},"21":{"start":{"line":71,"column":0},"end":{"line":71,"column":46}}},"fnMap":{"0":{"name":"(anonymous_0)","decl":{"start":{"line":12,"column":33},"end":{"line":12,"column":34}},"loc":{"start":{"line":12,"column":67},"end":{"line":69,"column":1}},"line":12},"1":{"name":"(anonymous_1)","decl":{"start":{"line":20,"column":27},"end":{"line":20,"column":28}},"loc":{"start":{"line":20,"column":73},"end":{"line":43,"column":3}},"line":20},"2":{"name":"(anonymous_2)","decl":{"start":{"line":50,"column":34},"end":{"line":50,"column":35}},"loc":{"start":{"line":50,"column":59},"end":{"line":66,"column":3}},"line":50}},"branchMap":{"0":{"loc":{"start":{"line":20,"column":57},"end":{"line":20,"column":68}},"type":"default-arg","locations":[{"start":{"line":20,"column":66},"end":{"line":20,"column":68}}],"line":20}},"s":{"0":1,"1":1,"2":1,"3":1,"4":3,"5":3,"6":3,"7":1,"8":2,"9":2,"10":2,"11":2,"12":0,"13":3,"14":1,"15":1,"16":1,"17":1,"18":1,"19":0,"20":3,"21":1},"f":{"0":3,"1":3,"2":1},"b":{"0":[2]},"_coverageSchema":"1a1c01bbd47fc00a2c39e90264f33305004495a9","hash":"b4bce4108e9267595572e1fb345ca6772e7a76b2"}
,"/home/theophilus/Desktop/Tech/OSS/Drips/Wave7/Theo/padipay-relayer-api/src/config/env.config.js": {"path":"/home/theophilus/Desktop/Tech/OSS/Drips/Wave7/Theo/padipay-relayer-api/src/config/env.config.js","statementMap":{"0":{"start":{"line":1,"column":14},"end":{"line":1,"column":28}},"1":{"start":{"line":2,"column":20},"end":{"line":2,"column":52}},"2":{"start":{"line":3,"column":0},"end":{"line":3,"column":27}},"3":{"start":{"line":5,"column":18},"end":{"line":11,"column":2}},"4":{"start":{"line":13,"column":19},"end":{"line":24,"column":1}},"5":{"start":{"line":14,"column":17},"end":{"line":14,"column":49}},"6":{"start":{"line":16,"column":2},"end":{"line":21,"column":3}},"7":{"start":{"line":17,"column":26},"end":{"line":19,"column":17}},"8":{"start":{"line":18,"column":22},"end":{"line":18,"column":65}},"9":{"start":{"line":20,"column":4},"end":{"line":20,"column":81}},"10":{"start":{"line":23,"column":2},"end":{"line":23,"column":21}},"11":{"start":{"line":26,"column":0},"end":{"line":26,"column":32}}},"fnMap":{"0":{"name":"(anonymous_0)","decl":{"start":{"line":13,"column":19},"end":{"line":13,"column":20}},"loc":{"start":{"line":13,"column":25},"end":{"line":24,"column":1}},"line":13},"1":{"name":"(anonymous_1)","decl":{"start":{"line":18,"column":11},"end":{"line":18,"column":12}},"loc":{"start":{"line":18,"column":22},"end":{"line":18,"column":65}},"line":18}},"branchMap":{"0":{"loc":{"start":{"line":16,"column":2},"end":{"line":21,"column":3}},"type":"if","locations":[{"start":{"line":16,"column":2},"end":{"line":21,"column":3}},{"start":{},"end":{}}],"line":16}},"s":{"0":1,"1":1,"2":1,"3":1,"4":1,"5":4,"6":4,"7":3,"8":9,"9":3,"10":1,"11":1},"f":{"0":4,"1":9},"b":{"0":[3,1]},"_coverageSchema":"1a1c01bbd47fc00a2c39e90264f33305004495a9","hash":"c1676020317a918be7ff891d526305cb058ccb56"}
,"/home/theophilus/Desktop/Tech/OSS/Drips/Wave7/Theo/padipay-relayer-api/src/errors/AppError.js": {"path":"/home/theophilus/Desktop/Tech/OSS/Drips/Wave7/Theo/padipay-relayer-api/src/errors/AppError.js","statementMap":{"0":{"start":{"line":3,"column":4},"end":{"line":3,"column":19}},"1":{"start":{"line":4,"column":4},"end":{"line":4,"column":33}},"2":{"start":{"line":5,"column":4},"end":{"line":5,"column":21}},"3":{"start":{"line":6,"column":4},"end":{"line":6,"column":30}},"4":{"start":{"line":8,"column":4},"end":{"line":8,"column":52}},"5":{"start":{"line":12,"column":0},"end":{"line":12,"column":26}}},"fnMap":{"0":{"name":"(anonymous_0)","decl":{"start":{"line":2,"column":2},"end":{"line":2,"column":3}},"loc":{"start":{"line":2,"column":41},"end":{"line":9,"column":3}},"line":2}},"branchMap":{},"s":{"0":18,"1":18,"2":18,"3":18,"4":18,"5":7},"f":{"0":18},"b":{},"_coverageSchema":"1a1c01bbd47fc00a2c39e90264f33305004495a9","hash":"f0c802b2c662e2158262ee999a6843842a367fb7"}
,"/home/theophilus/Desktop/Tech/OSS/Drips/Wave7/Theo/padipay-relayer-api/src/errors/ConfigError.js": {"path":"/home/theophilus/Desktop/Tech/OSS/Drips/Wave7/Theo/padipay-relayer-api/src/errors/ConfigError.js","statementMap":{"0":{"start":{"line":1,"column":17},"end":{"line":1,"column":38}},"1":{"start":{"line":5,"column":4},"end":{"line":5,"column":40}},"2":{"start":{"line":9,"column":0},"end":{"line":9,"column":29}}},"fnMap":{"0":{"name":"(anonymous_0)","decl":{"start":{"line":4,"column":2},"end":{"line":4,"column":3}},"loc":{"start":{"line":4,"column":23},"end":{"line":6,"column":3}},"line":4}},"branchMap":{},"s":{"0":2,"1":3,"2":2},"f":{"0":3},"b":{},"_coverageSchema":"1a1c01bbd47fc00a2c39e90264f33305004495a9","hash":"78666ebee367bac615073b52ed484286536470e2"}
,"/home/theophilus/Desktop/Tech/OSS/Drips/Wave7/Theo/padipay-relayer-api/src/errors/RpcError.js": {"path":"/home/theophilus/Desktop/Tech/OSS/Drips/Wave7/Theo/padipay-relayer-api/src/errors/RpcError.js","statementMap":{"0":{"start":{"line":1,"column":17},"end":{"line":1,"column":38}},"1":{"start":{"line":5,"column":4},"end":{"line":5,"column":37}},"2":{"start":{"line":9,"column":0},"end":{"line":9,"column":26}}},"fnMap":{"0":{"name":"(anonymous_0)","decl":{"start":{"line":4,"column":2},"end":{"line":4,"column":3}},"loc":{"start":{"line":4,"column":61},"end":{"line":6,"column":3}},"line":4}},"branchMap":{"0":{"loc":{"start":{"line":4,"column":23},"end":{"line":4,"column":39}},"type":"default-arg","locations":[{"start":{"line":4,"column":36},"end":{"line":4,"column":39}}],"line":4},"1":{"loc":{"start":{"line":4,"column":41},"end":{"line":4,"column":59}},"type":"default-arg","locations":[{"start":{"line":4,"column":48},"end":{"line":4,"column":59}}],"line":4}},"s":{"0":4,"1":9,"2":4},"f":{"0":9},"b":{"0":[2],"1":[2]},"_coverageSchema":"1a1c01bbd47fc00a2c39e90264f33305004495a9","hash":"1d46ac07ed8c3177326fbf923016697a82d52a86"}
,"/home/theophilus/Desktop/Tech/OSS/Drips/Wave7/Theo/padipay-relayer-api/src/errors/StellarError.js": {"path":"/home/theophilus/Desktop/Tech/OSS/Drips/Wave7/Theo/padipay-relayer-api/src/errors/StellarError.js","statementMap":{"0":{"start":{"line":1,"column":17},"end":{"line":1,"column":38}},"1":{"start":{"line":5,"column":4},"end":{"line":5,"column":37}},"2":{"start":{"line":9,"column":0},"end":{"line":9,"column":30}}},"fnMap":{"0":{"name":"(anonymous_0)","decl":{"start":{"line":4,"column":2},"end":{"line":4,"column":3}},"loc":{"start":{"line":4,"column":65},"end":{"line":6,"column":3}},"line":4}},"branchMap":{"0":{"loc":{"start":{"line":4,"column":23},"end":{"line":4,"column":39}},"type":"default-arg","locations":[{"start":{"line":4,"column":36},"end":{"line":4,"column":39}}],"line":4},"1":{"loc":{"start":{"line":4,"column":41},"end":{"line":4,"column":63}},"type":"default-arg","locations":[{"start":{"line":4,"column":48},"end":{"line":4,"column":63}}],"line":4}},"s":{"0":3,"1":3,"2":3},"f":{"0":3},"b":{"0":[1],"1":[1]},"_coverageSchema":"1a1c01bbd47fc00a2c39e90264f33305004495a9","hash":"41ff5752173b1058191f77d2c424b93e64388e2a"}
,"/home/theophilus/Desktop/Tech/OSS/Drips/Wave7/Theo/padipay-relayer-api/src/errors/ValidationError.js": {"path":"/home/theophilus/Desktop/Tech/OSS/Drips/Wave7/Theo/padipay-relayer-api/src/errors/ValidationError.js","statementMap":{"0":{"start":{"line":1,"column":17},"end":{"line":1,"column":38}},"1":{"start":{"line":5,"column":4},"end":{"line":5,"column":44}},"2":{"start":{"line":9,"column":0},"end":{"line":9,"column":33}}},"fnMap":{"0":{"name":"(anonymous_0)","decl":{"start":{"line":4,"column":2},"end":{"line":4,"column":3}},"loc":{"start":{"line":4,"column":23},"end":{"line":6,"column":3}},"line":4}},"branchMap":{},"s":{"0":1,"1":1,"2":1},"f":{"0":1},"b":{},"_coverageSchema":"1a1c01bbd47fc00a2c39e90264f33305004495a9","hash":"0dece6626d769ee34d8305708160c7ed288ac59f"}
,"/home/theophilus/Desktop/Tech/OSS/Drips/Wave7/Theo/padipay-relayer-api/src/middleware/error.middleware.js": {"path":"/home/theophilus/Desktop/Tech/OSS/Drips/Wave7/Theo/padipay-relayer-api/src/middleware/error.middleware.js","statementMap":{"0":{"start":{"line":1,"column":17},"end":{"line":1,"column":46}},"1":{"start":{"line":3,"column":21},"end":{"line":29,"column":1}},"2":{"start":{"line":4,"column":19},"end":{"line":4,"column":22}},"3":{"start":{"line":5,"column":16},"end":{"line":5,"column":39}},"4":{"start":{"line":6,"column":14},"end":{"line":6,"column":30}},"5":{"start":{"line":8,"column":2},"end":{"line":15,"column":3}},"6":{"start":{"line":9,"column":4},"end":{"line":9,"column":32}},"7":{"start":{"line":10,"column":4},"end":{"line":10,"column":26}},"8":{"start":{"line":11,"column":4},"end":{"line":11,"column":21}},"9":{"start":{"line":14,"column":4},"end":{"line":14,"column":45}},"10":{"start":{"line":17,"column":19},"end":{"line":21,"column":3}},"11":{"start":{"line":24,"column":2},"end":{"line":26,"column":3}},"12":{"start":{"line":25,"column":4},"end":{"line":25,"column":31}},"13":{"start":{"line":28,"column":2},"end":{"line":28,"column":40}},"14":{"start":{"line":31,"column":0},"end":{"line":31,"column":30}}},"fnMap":{"0":{"name":"(anonymous_0)","decl":{"start":{"line":3,"column":21},"end":{"line":3,"column":22}},"loc":{"start":{"line":3,"column":46},"end":{"line":29,"column":1}},"line":3}},"branchMap":{"0":{"loc":{"start":{"line":8,"column":2},"end":{"line":15,"column":3}},"type":"if","locations":[{"start":{"line":8,"column":2},"end":{"line":15,"column":3}},{"start":{"line":12,"column":9},"end":{"line":15,"column":3}}],"line":8},"1":{"loc":{"start":{"line":24,"column":2},"end":{"line":26,"column":3}},"type":"if","locations":[{"start":{"line":24,"column":2},"end":{"line":26,"column":3}},{"start":{},"end":{}}],"line":24}},"s":{"0":2,"1":2,"2":4,"3":4,"4":4,"5":4,"6":3,"7":3,"8":3,"9":1,"10":4,"11":4,"12":2,"13":4,"14":2},"f":{"0":4},"b":{"0":[3,1],"1":[2,2]},"_coverageSchema":"1a1c01bbd47fc00a2c39e90264f33305004495a9","hash":"d52062405ba566deef3530a0d521e2356336bb1c"}
,"/home/theophilus/Desktop/Tech/OSS/Drips/Wave7/Theo/padipay-relayer-api/src/middleware/validate.middleware.js": {"path":"/home/theophilus/Desktop/Tech/OSS/Drips/Wave7/Theo/padipay-relayer-api/src/middleware/validate.middleware.js","statementMap":{"0":{"start":{"line":1,"column":24},"end":{"line":1,"column":60}},"1":{"start":{"line":7,"column":17},"end":{"line":24,"column":1}},"2":{"start":{"line":7,"column":29},"end":{"line":24,"column":1}},"3":{"start":{"line":8,"column":2},"end":{"line":23,"column":3}},"4":{"start":{"line":9,"column":4},"end":{"line":13,"column":7}},"5":{"start":{"line":14,"column":4},"end":{"line":14,"column":11}},"6":{"start":{"line":16,"column":4},"end":{"line":21,"column":5}},"7":{"start":{"line":17,"column":28},"end":{"line":19,"column":19}},"8":{"start":{"line":18,"column":24},"end":{"line":18,"column":67}},"9":{"start":{"line":20,"column":6},"end":{"line":20,"column":78}},"10":{"start":{"line":22,"column":4},"end":{"line":22,"column":16}},"11":{"start":{"line":26,"column":0},"end":{"line":26,"column":30}}},"fnMap":{"0":{"name":"(anonymous_0)","decl":{"start":{"line":7,"column":17},"end":{"line":7,"column":18}},"loc":{"start":{"line":7,"column":29},"end":{"line":24,"column":1}},"line":7},"1":{"name":"(anonymous_1)","decl":{"start":{"line":7,"column":29},"end":{"line":7,"column":30}},"loc":{"start":{"line":7,"column":49},"end":{"line":24,"column":1}},"line":7},"2":{"name":"(anonymous_2)","decl":{"start":{"line":18,"column":13},"end":{"line":18,"column":14}},"loc":{"start":{"line":18,"column":24},"end":{"line":18,"column":67}},"line":18}},"branchMap":{"0":{"loc":{"start":{"line":16,"column":4},"end":{"line":21,"column":5}},"type":"if","locations":[{"start":{"line":16,"column":4},"end":{"line":21,"column":5}},{"start":{},"end":{}}],"line":16}},"s":{"0":1,"1":1,"2":1,"3":2,"4":2,"5":1,"6":1,"7":1,"8":1,"9":1,"10":0,"11":1},"f":{"0":1,"1":2,"2":1},"b":{"0":[1,0]},"_coverageSchema":"1a1c01bbd47fc00a2c39e90264f33305004495a9","hash":"6fc9621ff1306af30ef6e0c93a118bf92ff3dd60"}
,"/home/theophilus/Desktop/Tech/OSS/Drips/Wave7/Theo/padipay-relayer-api/src/routes/health.routes.js": {"path":"/home/theophilus/Desktop/Tech/OSS/Drips/Wave7/Theo/padipay-relayer-api/src/routes/health.routes.js","statementMap":{"0":{"start":{"line":1,"column":16},"end":{"line":1,"column":34}},"1":{"start":{"line":2,"column":15},"end":{"line":2,"column":31}},"2":{"start":{"line":4,"column":0},"end":{"line":11,"column":3}},"3":{"start":{"line":5,"column":2},"end":{"line":10,"column":5}},"4":{"start":{"line":13,"column":0},"end":{"line":13,"column":24}}},"fnMap":{"0":{"name":"(anonymous_0)","decl":{"start":{"line":4,"column":16},"end":{"line":4,"column":17}},"loc":{"start":{"line":4,"column":30},"end":{"line":11,"column":1}},"line":4}},"branchMap":{},"s":{"0":1,"1":1,"2":1,"3":1,"4":1},"f":{"0":1},"b":{},"_coverageSchema":"1a1c01bbd47fc00a2c39e90264f33305004495a9","hash":"91a290b989c9a902dd5ca115e81ede1626b9d84a"}
,"/home/theophilus/Desktop/Tech/OSS/Drips/Wave7/Theo/padipay-relayer-api/src/routes/relayer.routes.js": {"path":"/home/theophilus/Desktop/Tech/OSS/Drips/Wave7/Theo/padipay-relayer-api/src/routes/relayer.routes.js","statementMap":{"0":{"start":{"line":1,"column":16},"end":{"line":1,"column":34}},"1":{"start":{"line":2,"column":15},"end":{"line":2,"column":31}},"2":{"start":{"line":3,"column":21},"end":{"line":3,"column":65}},"3":{"start":{"line":4,"column":31},"end":{"line":4,"column":77}},"4":{"start":{"line":14,"column":0},"end":{"line":17,"column":3}},"5":{"start":{"line":16,"column":2},"end":{"line":16,"column":70}},"6":{"start":{"line":23,"column":0},"end":{"line":27,"column":3}},"7":{"start":{"line":24,"column":19},"end":{"line":24,"column":29}},"8":{"start":{"line":26,"column":2},"end":{"line":26,"column":69}},"9":{"start":{"line":29,"column":0},"end":{"line":29,"column":24}}},"fnMap":{"0":{"name":"(anonymous_0)","decl":{"start":{"line":14,"column":60},"end":{"line":14,"column":61}},"loc":{"start":{"line":14,"column":80},"end":{"line":17,"column":1}},"line":14},"1":{"name":"(anonymous_1)","decl":{"start":{"line":23,"column":28},"end":{"line":23,"column":29}},"loc":{"start":{"line":23,"column":48},"end":{"line":27,"column":1}},"line":23}},"branchMap":{},"s":{"0":1,"1":1,"2":1,"3":1,"4":1,"5":1,"6":1,"7":1,"8":1,"9":1},"f":{"0":1,"1":1},"b":{},"_coverageSchema":"1a1c01bbd47fc00a2c39e90264f33305004495a9","hash":"8c7aeaea347bcd71aab6380391ef1242d0915ac4"}
,"/home/theophilus/Desktop/Tech/OSS/Drips/Wave7/Theo/padipay-relayer-api/src/services/escrow.service.js": {"path":"/home/theophilus/Desktop/Tech/OSS/Drips/Wave7/Theo/padipay-relayer-api/src/services/escrow.service.js","statementMap":{"0":{"start":{"line":1,"column":19},"end":{"line":1,"column":41}},"1":{"start":{"line":9,"column":28},"end":{"line":102,"column":1}},"2":{"start":{"line":18,"column":23},"end":{"line":36,"column":3}},"3":{"start":{"line":20,"column":38},"end":{"line":20,"column":44}},"4":{"start":{"line":22,"column":24},"end":{"line":26,"column":5}},"5":{"start":{"line":29,"column":26},"end":{"line":29,"column":95}},"6":{"start":{"line":31,"column":4},"end":{"line":35,"column":6}},"7":{"start":{"line":44,"column":21},"end":{"line":57,"column":3}},"8":{"start":{"line":46,"column":24},"end":{"line":48,"column":5}},"9":{"start":{"line":50,"column":26},"end":{"line":50,"column":95}},"10":{"start":{"line":52,"column":4},"end":{"line":56,"column":6}},"11":{"start":{"line":65,"column":24},"end":{"line":78,"column":3}},"12":{"start":{"line":67,"column":24},"end":{"line":69,"column":5}},"13":{"start":{"line":71,"column":26},"end":{"line":71,"column":95}},"14":{"start":{"line":73,"column":4},"end":{"line":77,"column":6}},"15":{"start":{"line":86,"column":23},"end":{"line":99,"column":3}},"16":{"start":{"line":88,"column":24},"end":{"line":90,"column":5}},"17":{"start":{"line":92,"column":26},"end":{"line":92,"column":95}},"18":{"start":{"line":94,"column":4},"end":{"line":98,"column":6}},"19":{"start":{"line":101,"column":2},"end":{"line":101,"column":67}},"20":{"start":{"line":104,"column":0},"end":{"line":104,"column":41}}},"fnMap":{"0":{"name":"(anonymous_0)","decl":{"start":{"line":9,"column":28},"end":{"line":9,"column":29}},"loc":{"start":{"line":9,"column":64},"end":{"line":102,"column":1}},"line":9},"1":{"name":"(anonymous_1)","decl":{"start":{"line":18,"column":23},"end":{"line":18,"column":24}},"loc":{"start":{"line":18,"column":41},"end":{"line":36,"column":3}},"line":18},"2":{"name":"(anonymous_2)","decl":{"start":{"line":44,"column":21},"end":{"line":44,"column":22}},"loc":{"start":{"line":44,"column":45},"end":{"line":57,"column":3}},"line":44},"3":{"name":"(anonymous_3)","decl":{"start":{"line":65,"column":24},"end":{"line":65,"column":25}},"loc":{"start":{"line":65,"column":48},"end":{"line":78,"column":3}},"line":65},"4":{"name":"(anonymous_4)","decl":{"start":{"line":86,"column":23},"end":{"line":86,"column":24}},"loc":{"start":{"line":86,"column":47},"end":{"line":99,"column":3}},"line":86}},"branchMap":{},"s":{"0":1,"1":1,"2":4,"3":1,"4":1,"5":1,"6":1,"7":4,"8":1,"9":1,"10":1,"11":4,"12":1,"13":1,"14":1,"15":4,"16":1,"17":1,"18":1,"19":4,"20":1},"f":{"0":4,"1":1,"2":1,"3":1,"4":1},"b":{},"_coverageSchema":"1a1c01bbd47fc00a2c39e90264f33305004495a9","hash":"25418bd938a2d438e34808e26e7dfb4a3ec6f2ee"}
,"/home/theophilus/Desktop/Tech/OSS/Drips/Wave7/Theo/padipay-relayer-api/src/services/horizon.service.js": {"path":"/home/theophilus/Desktop/Tech/OSS/Drips/Wave7/Theo/padipay-relayer-api/src/services/horizon.service.js","statementMap":{"0":{"start":{"line":1,"column":17},"end":{"line":1,"column":46}},"1":{"start":{"line":2,"column":35},"end":{"line":2,"column":68}},"2":{"start":{"line":9,"column":29},"end":{"line":26,"column":1}},"3":{"start":{"line":15,"column":31},"end":{"line":23,"column":3}},"4":{"start":{"line":16,"column":4},"end":{"line":22,"column":5}},"5":{"start":{"line":17,"column":23},"end":{"line":17,"column":56}},"6":{"start":{"line":18,"column":6},"end":{"line":18,"column":52}},"7":{"start":{"line":20,"column":6},"end":{"line":20,"column":49}},"8":{"start":{"line":21,"column":6},"end":{"line":21,"column":73}},"9":{"start":{"line":25,"column":2},"end":{"line":25,"column":34}},"10":{"start":{"line":28,"column":0},"end":{"line":28,"column":42}}},"fnMap":{"0":{"name":"(anonymous_0)","decl":{"start":{"line":9,"column":29},"end":{"line":9,"column":30}},"loc":{"start":{"line":9,"column":45},"end":{"line":26,"column":1}},"line":9},"1":{"name":"(anonymous_1)","decl":{"start":{"line":15,"column":31},"end":{"line":15,"column":32}},"loc":{"start":{"line":15,"column":47},"end":{"line":23,"column":3}},"line":15}},"branchMap":{},"s":{"0":1,"1":1,"2":1,"3":2,"4":2,"5":2,"6":1,"7":1,"8":1,"9":2,"10":1},"f":{"0":2,"1":2},"b":{},"_coverageSchema":"1a1c01bbd47fc00a2c39e90264f33305004495a9","hash":"516c28b4bb74e9058b6928758dab6c3658dda33a"}
,"/home/theophilus/Desktop/Tech/OSS/Drips/Wave7/Theo/padipay-relayer-api/src/services/stellar.service.js": {"path":"/home/theophilus/Desktop/Tech/OSS/Drips/Wave7/Theo/padipay-relayer-api/src/services/stellar.service.js","statementMap":{"0":{"start":{"line":1,"column":19},"end":{"line":1,"column":41}},"1":{"start":{"line":2,"column":20},"end":{"line":2,"column":52}},"2":{"start":{"line":3,"column":17},"end":{"line":3,"column":46}},"3":{"start":{"line":4,"column":21},"end":{"line":4,"column":54}},"4":{"start":{"line":5,"column":34},"end":{"line":5,"column":66}},"5":{"start":{"line":13,"column":29},"end":{"line":66,"column":1}},"6":{"start":{"line":19,"column":26},"end":{"line":31,"column":3}},"7":{"start":{"line":21,"column":4},"end":{"line":30,"column":5}},"8":{"start":{"line":22,"column":29},"end":{"line":22,"column":86}},"9":{"start":{"line":23,"column":26},"end":{"line":23,"column":106}},"10":{"start":{"line":25,"column":6},"end":{"line":25,"column":39}},"11":{"start":{"line":27,"column":6},"end":{"line":27,"column":33}},"12":{"start":{"line":29,"column":6},"end":{"line":29,"column":77}},"13":{"start":{"line":38,"column":28},"end":{"line":63,"column":3}},"14":{"start":{"line":39,"column":4},"end":{"line":62,"column":5}},"15":{"start":{"line":40,"column":26},"end":{"line":40,"column":112}},"16":{"start":{"line":41,"column":23},"end":{"line":41,"column":64}},"17":{"start":{"line":43,"column":6},"end":{"line":47,"column":7}},"18":{"start":{"line":45,"column":8},"end":{"line":45,"column":93}},"19":{"start":{"line":46,"column":8},"end":{"line":46,"column":46}},"20":{"start":{"line":49,"column":6},"end":{"line":54,"column":8}},"21":{"start":{"line":56,"column":6},"end":{"line":58,"column":7}},"22":{"start":{"line":57,"column":8},"end":{"line":57,"column":20}},"23":{"start":{"line":60,"column":6},"end":{"line":60,"column":53}},"24":{"start":{"line":61,"column":6},"end":{"line":61,"column":41}},"25":{"start":{"line":65,"column":2},"end":{"line":65,"column":48}},"26":{"start":{"line":68,"column":0},"end":{"line":68,"column":42}}},"fnMap":{"0":{"name":"(anonymous_0)","decl":{"start":{"line":13,"column":29},"end":{"line":13,"column":30}},"loc":{"start":{"line":13,"column":53},"end":{"line":66,"column":1}},"line":13},"1":{"name":"(anonymous_1)","decl":{"start":{"line":19,"column":26},"end":{"line":19,"column":27}},"loc":{"start":{"line":19,"column":46},"end":{"line":31,"column":3}},"line":19},"2":{"name":"(anonymous_2)","decl":{"start":{"line":38,"column":28},"end":{"line":38,"column":29}},"loc":{"start":{"line":38,"column":60},"end":{"line":63,"column":3}},"line":38}},"branchMap":{"0":{"loc":{"start":{"line":43,"column":6},"end":{"line":47,"column":7}},"type":"if","locations":[{"start":{"line":43,"column":6},"end":{"line":47,"column":7}},{"start":{},"end":{}}],"line":43},"1":{"loc":{"start":{"line":45,"column":44},"end":{"line":45,"column":91}},"type":"binary-expr","locations":[{"start":{"line":45,"column":44},"end":{"line":45,"column":67}},{"start":{"line":45,"column":71},"end":{"line":45,"column":91}}],"line":45},"2":{"loc":{"start":{"line":56,"column":6},"end":{"line":58,"column":7}},"type":"if","locations":[{"start":{"line":56,"column":6},"end":{"line":58,"column":7}},{"start":{},"end":{}}],"line":56},"3":{"loc":{"start":{"line":56,"column":10},"end":{"line":56,"column":68}},"type":"binary-expr","locations":[{"start":{"line":56,"column":10},"end":{"line":56,"column":35}},{"start":{"line":56,"column":39},"end":{"line":56,"column":68}}],"line":56}},"s":{"0":1,"1":1,"2":1,"3":1,"4":1,"5":1,"6":6,"7":2,"8":2,"9":1,"10":1,"11":1,"12":1,"13":6,"14":3,"15":3,"16":3,"17":2,"18":1,"19":1,"20":1,"21":2,"22":1,"23":1,"24":1,"25":6,"26":1},"f":{"0":6,"1":2,"2":3},"b":{"0":[1,1],"1":[1,1],"2":[1,1],"3":[2,1]},"_coverageSchema":"1a1c01bbd47fc00a2c39e90264f33305004495a9","hash":"33b984caa77a4efb2c0125937b46e884a1567e63"}
,"/home/theophilus/Desktop/Tech/OSS/Drips/Wave7/Theo/padipay-relayer-api/src/utils/error.parser.js": {"path":"/home/theophilus/Desktop/Tech/OSS/Drips/Wave7/Theo/padipay-relayer-api/src/utils/error.parser.js","statementMap":{"0":{"start":{"line":1,"column":17},"end":{"line":1,"column":46}},"1":{"start":{"line":2,"column":21},"end":{"line":2,"column":54}},"2":{"start":{"line":3,"column":19},"end":{"line":3,"column":41}},"3":{"start":{"line":11,"column":30},"end":{"line":48,"column":1}},"4":{"start":{"line":12,"column":2},"end":{"line":17,"column":3}},"5":{"start":{"line":13,"column":4},"end":{"line":15,"column":5}},"6":{"start":{"line":14,"column":6},"end":{"line":14,"column":102}},"7":{"start":{"line":16,"column":4},"end":{"line":16,"column":100}},"8":{"start":{"line":19,"column":19},"end":{"line":19,"column":34}},"9":{"start":{"line":21,"column":2},"end":{"line":45,"column":3}},"10":{"start":{"line":22,"column":4},"end":{"line":42,"column":5}},"11":{"start":{"line":23,"column":6},"end":{"line":41,"column":7}},"12":{"start":{"line":24,"column":23},"end":{"line":24,"column":98}},"13":{"start":{"line":25,"column":27},"end":{"line":25,"column":56}},"14":{"start":{"line":27,"column":8},"end":{"line":37,"column":9}},"15":{"start":{"line":29,"column":12},"end":{"line":29,"column":98}},"16":{"start":{"line":34,"column":12},"end":{"line":34,"column":84}},"17":{"start":{"line":36,"column":12},"end":{"line":36,"column":101}},"18":{"start":{"line":39,"column":8},"end":{"line":39,"column":75}},"19":{"start":{"line":40,"column":8},"end":{"line":40,"column":106}},"20":{"start":{"line":44,"column":4},"end":{"line":44,"column":78}},"21":{"start":{"line":47,"column":2},"end":{"line":47,"column":80}},"22":{"start":{"line":50,"column":0},"end":{"line":50,"column":43}}},"fnMap":{"0":{"name":"(anonymous_0)","decl":{"start":{"line":11,"column":30},"end":{"line":11,"column":31}},"loc":{"start":{"line":11,"column":51},"end":{"line":48,"column":1}},"line":11}},"branchMap":{"0":{"loc":{"start":{"line":12,"column":2},"end":{"line":17,"column":3}},"type":"if","locations":[{"start":{"line":12,"column":2},"end":{"line":17,"column":3}},{"start":{},"end":{}}],"line":12},"1":{"loc":{"start":{"line":13,"column":4},"end":{"line":15,"column":5}},"type":"if","locations":[{"start":{"line":13,"column":4},"end":{"line":15,"column":5}},{"start":{},"end":{}}],"line":13},"2":{"loc":{"start":{"line":13,"column":8},"end":{"line":13,"column":115}},"type":"binary-expr","locations":[{"start":{"line":13,"column":8},"end":{"line":13,"column":32}},{"start":{"line":13,"column":36},"end":{"line":13,"column":75}},{"start":{"line":13,"column":79},"end":{"line":13,"column":115}}],"line":13},"3":{"loc":{"start":{"line":21,"column":2},"end":{"line":45,"column":3}},"type":"if","locations":[{"start":{"line":21,"column":2},"end":{"line":45,"column":3}},{"start":{},"end":{}}],"line":21},"4":{"loc":{"start":{"line":21,"column":6},"end":{"line":21,"column":45}},"type":"binary-expr","locations":[{"start":{"line":21,"column":6},"end":{"line":21,"column":14}},{"start":{"line":21,"column":18},"end":{"line":21,"column":45}}],"line":21},"5":{"loc":{"start":{"line":22,"column":4},"end":{"line":42,"column":5}},"type":"if","locations":[{"start":{"line":22,"column":4},"end":{"line":42,"column":5}},{"start":{},"end":{}}],"line":22},"6":{"loc":{"start":{"line":27,"column":8},"end":{"line":37,"column":9}},"type":"switch","locations":[{"start":{"line":28,"column":10},"end":{"line":29,"column":98}},{"start":{"line":30,"column":10},"end":{"line":30,"column":27}},{"start":{"line":31,"column":10},"end":{"line":31,"column":28}},{"start":{"line":32,"column":10},"end":{"line":32,"column":34}},{"start":{"line":33,"column":10},"end":{"line":34,"column":84}},{"start":{"line":35,"column":10},"end":{"line":36,"column":101}}],"line":27}},"s":{"0":2,"1":2,"2":2,"3":2,"4":9,"5":3,"6":2,"7":1,"8":6,"9":6,"10":5,"11":3,"12":3,"13":3,"14":3,"15":1,"16":1,"17":1,"18":0,"19":0,"20":2,"21":1,"22":2},"f":{"0":9},"b":{"0":[3,6],"1":[2,1],"2":[3,3,1],"3":[5,1],"4":[6,6],"5":[3,2],"6":[1,1,1,1,1,1]},"_coverageSchema":"1a1c01bbd47fc00a2c39e90264f33305004495a9","hash":"390ae3c74974d2310815c618e1c513a8b9e26e00"}
,"/home/theophilus/Desktop/Tech/OSS/Drips/Wave7/Theo/padipay-relayer-api/src/utils/status.parser.js": {"path":"/home/theophilus/Desktop/Tech/OSS/Drips/Wave7/Theo/padipay-relayer-api/src/utils/status.parser.js","statementMap":{"0":{"start":{"line":8,"column":31},"end":{"line":67,"column":1}},"1":{"start":{"line":9,"column":2},"end":{"line":16,"column":3}},"2":{"start":{"line":10,"column":4},"end":{"line":15,"column":6}},"3":{"start":{"line":18,"column":48},"end":{"line":18,"column":56}},"4":{"start":{"line":19,"column":15},"end":{"line":19,"column":36}},"5":{"start":{"line":21,"column":2},"end":{"line":66,"column":3}},"6":{"start":{"line":23,"column":6},"end":{"line":29,"column":8}},"7":{"start":{"line":32,"column":6},"end":{"line":38,"column":8}},"8":{"start":{"line":41,"column":6},"end":{"line":48,"column":8}},"9":{"start":{"line":51,"column":6},"end":{"line":56,"column":8}},"10":{"start":{"line":59,"column":6},"end":{"line":65,"column":8}},"11":{"start":{"line":69,"column":0},"end":{"line":69,"column":44}}},"fnMap":{"0":{"name":"(anonymous_0)","decl":{"start":{"line":8,"column":31},"end":{"line":8,"column":32}},"loc":{"start":{"line":8,"column":51},"end":{"line":67,"column":1}},"line":8}},"branchMap":{"0":{"loc":{"start":{"line":9,"column":2},"end":{"line":16,"column":3}},"type":"if","locations":[{"start":{"line":9,"column":2},"end":{"line":16,"column":3}},{"start":{},"end":{}}],"line":9},"1":{"loc":{"start":{"line":19,"column":15},"end":{"line":19,"column":36}},"type":"binary-expr","locations":[{"start":{"line":19,"column":15},"end":{"line":19,"column":19}},{"start":{"line":19,"column":23},"end":{"line":19,"column":36}}],"line":19},"2":{"loc":{"start":{"line":21,"column":2},"end":{"line":66,"column":3}},"type":"switch","locations":[{"start":{"line":22,"column":4},"end":{"line":29,"column":8}},{"start":{"line":31,"column":4},"end":{"line":38,"column":8}},{"start":{"line":40,"column":4},"end":{"line":48,"column":8}},{"start":{"line":50,"column":4},"end":{"line":56,"column":8}},{"start":{"line":58,"column":4},"end":{"line":65,"column":8}}],"line":21},"3":{"loc":{"start":{"line":61,"column":16},"end":{"line":61,"column":35}},"type":"binary-expr","locations":[{"start":{"line":61,"column":16},"end":{"line":61,"column":22}},{"start":{"line":61,"column":26},"end":{"line":61,"column":35}}],"line":61}},"s":{"0":2,"1":5,"2":1,"3":4,"4":4,"5":4,"6":1,"7":1,"8":1,"9":0,"10":1,"11":2},"f":{"0":5},"b":{"0":[1,4],"1":[4,0],"2":[1,1,1,0,1],"3":[1,0]},"_coverageSchema":"1a1c01bbd47fc00a2c39e90264f33305004495a9","hash":"5f8df355858e3973d60abd70d8ba3ce9f3359b86"}
,"/home/theophilus/Desktop/Tech/OSS/Drips/Wave7/Theo/padipay-relayer-api/src/validation/schemas/escrow.schema.js": {"path":"/home/theophilus/Desktop/Tech/OSS/Drips/Wave7/Theo/padipay-relayer-api/src/validation/schemas/escrow.schema.js","statementMap":{"0":{"start":{"line":1,"column":14},"end":{"line":1,"column":28}},"1":{"start":{"line":3,"column":27},"end":{"line":8,"column":2}},"2":{"start":{"line":10,"column":27},"end":{"line":17,"column":2}},"3":{"start":{"line":19,"column":27},"end":{"line":23,"column":2}},"4":{"start":{"line":25,"column":0},"end":{"line":25,"column":80}}},"fnMap":{},"branchMap":{},"s":{"0":2,"1":2,"2":2,"3":2,"4":2},"f":{},"b":{},"_coverageSchema":"1a1c01bbd47fc00a2c39e90264f33305004495a9","hash":"7da01f9573590a038dd3d3d825750e000276e248"}
}
