TN:
SF:src/builders/transaction.builder.js
FN:12,(anonymous_0)
FN:20,(anonymous_1)
FN:50,(anonymous_2)
FNF:3
FNH:3
FNDA:3,(anonymous_0)
FNDA:3,(anonymous_1)
FNDA:1,(anonymous_2)
DA:1,1
DA:2,1
DA:3,1
DA:12,1
DA:20,3
DA:22,3
DA:23,3
DA:25,1
DA:28,2
DA:29,2
DA:31,2
DA:39,2
DA:41,0
DA:50,3
DA:51,1
DA:52,1
DA:53,1
DA:55,1
DA:62,1
DA:64,0
DA:68,3
DA:71,1
LF:22
LH:20
BRDA:20,0,0,2
BRF:1
BRH:1
end_of_record
TN:
SF:src/config/env.config.js
FN:13,(anonymous_0)
FN:18,(anonymous_1)
FNF:2
FNH:2
FNDA:4,(anonymous_0)
FNDA:9,(anonymous_1)
DA:1,1
DA:2,1
DA:3,1
DA:5,1
DA:13,1
DA:14,4
DA:16,4
DA:17,3
DA:18,9
DA:20,3
DA:23,1
DA:26,1
LF:12
LH:12
BRDA:16,0,0,3
BRDA:16,0,1,1
BRF:2
BRH:2
end_of_record
TN:
SF:src/errors/AppError.js
FN:2,(anonymous_0)
FNF:1
FNH:1
FNDA:18,(anonymous_0)
DA:3,18
DA:4,18
DA:5,18
DA:6,18
DA:8,18
DA:12,7
LF:6
LH:6
BRF:0
BRH:0
end_of_record
TN:
SF:src/errors/ConfigError.js
FN:4,(anonymous_0)
FNF:1
FNH:1
FNDA:3,(anonymous_0)
DA:1,2
DA:5,3
DA:9,2
LF:3
LH:3
BRF:0
BRH:0
end_of_record
TN:
SF:src/errors/RpcError.js
FN:4,(anonymous_0)
FNF:1
FNH:1
FNDA:9,(anonymous_0)
DA:1,4
DA:5,9
DA:9,4
LF:3
LH:3
BRDA:4,0,0,2
BRDA:4,1,0,2
BRF:2
BRH:2
end_of_record
TN:
SF:src/errors/StellarError.js
FN:4,(anonymous_0)
FNF:1
FNH:1
FNDA:3,(anonymous_0)
DA:1,3
DA:5,3
DA:9,3
LF:3
LH:3
BRDA:4,0,0,1
BRDA:4,1,0,1
BRF:2
BRH:2
end_of_record
TN:
SF:src/errors/ValidationError.js
FN:4,(anonymous_0)
FNF:1
FNH:1
FNDA:1,(anonymous_0)
DA:1,1
DA:5,1
DA:9,1
LF:3
LH:3
BRF:0
BRH:0
end_of_record
TN:
SF:src/middleware/error.middleware.js
FN:3,(anonymous_0)
FNF:1
FNH:1
FNDA:4,(anonymous_0)
DA:1,2
DA:3,2
DA:4,4
DA:5,4
DA:6,4
DA:8,4
DA:9,3
DA:10,3
DA:11,3
DA:14,1
DA:17,4
DA:24,4
DA:25,2
DA:28,4
DA:31,2
LF:15
LH:15
BRDA:8,0,0,3
BRDA:8,0,1,1
BRDA:24,1,0,2
BRDA:24,1,1,2
BRF:4
BRH:4
end_of_record
TN:
SF:src/middleware/validate.middleware.js
FN:7,(anonymous_0)
FN:7,(anonymous_1)
FN:18,(anonymous_2)
FNF:3
FNH:3
FNDA:1,(anonymous_0)
FNDA:2,(anonymous_1)
FNDA:1,(anonymous_2)
DA:1,1
DA:7,1
DA:8,2
DA:9,2
DA:14,1
DA:16,1
DA:17,1
DA:18,1
DA:20,1
DA:22,0
DA:26,1
LF:11
LH:10
BRDA:16,0,0,1
BRDA:16,0,1,0
BRF:2
BRH:1
end_of_record
TN:
SF:src/routes/health.routes.js
FN:4,(anonymous_0)
FNF:1
FNH:1
FNDA:1,(anonymous_0)
DA:1,1
DA:2,1
DA:4,1
DA:5,1
DA:13,1
LF:5
LH:5
BRF:0
BRH:0
end_of_record
TN:
SF:src/routes/relayer.routes.js
FN:14,(anonymous_0)
FN:23,(anonymous_1)
FNF:2
FNH:2
FNDA:1,(anonymous_0)
FNDA:1,(anonymous_1)
DA:1,1
DA:2,1
DA:3,1
DA:4,1
DA:14,1
DA:16,1
DA:23,1
DA:24,1
DA:26,1
DA:29,1
LF:10
LH:10
BRF:0
BRH:0
end_of_record
TN:
SF:src/services/escrow.service.js
FN:9,(anonymous_0)
FN:18,(anonymous_1)
FN:44,(anonymous_2)
FN:65,(anonymous_3)
FN:86,(anonymous_4)
FNF:5
FNH:5
FNDA:4,(anonymous_0)
FNDA:1,(anonymous_1)
FNDA:1,(anonymous_2)
FNDA:1,(anonymous_3)
FNDA:1,(anonymous_4)
DA:1,1
DA:9,1
DA:18,4
DA:20,1
DA:22,1
DA:29,1
DA:31,1
DA:44,4
DA:46,1
DA:50,1
DA:52,1
DA:65,4
DA:67,1
DA:71,1
DA:73,1
DA:86,4
DA:88,1
DA:92,1
DA:94,1
DA:101,4
DA:104,1
LF:21
LH:21
BRF:0
BRH:0
end_of_record
TN:
SF:src/services/horizon.service.js
FN:9,(anonymous_0)
FN:15,(anonymous_1)
FNF:2
FNH:2
FNDA:2,(anonymous_0)
FNDA:2,(anonymous_1)
DA:1,1
DA:2,1
DA:9,1
DA:15,2
DA:16,2
DA:17,2
DA:18,1
DA:20,1
DA:21,1
DA:25,2
DA:28,1
LF:11
LH:11
BRF:0
BRH:0
end_of_record
TN:
SF:src/services/stellar.service.js
FN:13,(anonymous_0)
FN:19,(anonymous_1)
FN:38,(anonymous_2)
FNF:3
FNH:3
FNDA:6,(anonymous_0)
FNDA:2,(anonymous_1)
FNDA:3,(anonymous_2)
DA:1,1
DA:2,1
DA:3,1
DA:4,1
DA:5,1
DA:13,1
DA:19,6
DA:21,2
DA:22,2
DA:23,1
DA:25,1
DA:27,1
DA:29,1
DA:38,6
DA:39,3
DA:40,3
DA:41,3
DA:43,2
DA:45,1
DA:46,1
DA:49,1
DA:56,2
DA:57,1
DA:60,1
DA:61,1
DA:65,6
DA:68,1
LF:27
LH:27
BRDA:43,0,0,1
BRDA:43,0,1,1
BRDA:45,1,0,1
BRDA:45,1,1,1
BRDA:56,2,0,1
BRDA:56,2,1,1
BRDA:56,3,0,2
BRDA:56,3,1,1
BRF:8
BRH:8
end_of_record
TN:
SF:src/utils/error.parser.js
FN:11,(anonymous_0)
FNF:1
FNH:1
FNDA:9,(anonymous_0)
DA:1,2
DA:2,2
DA:3,2
DA:11,2
DA:12,9
DA:13,3
DA:14,2
DA:16,1
DA:19,6
DA:21,6
DA:22,5
DA:23,3
DA:24,3
DA:25,3
DA:27,3
DA:29,1
DA:34,1
DA:36,1
DA:39,0
DA:40,0
DA:44,2
DA:47,1
DA:50,2
LF:23
LH:21
BRDA:12,0,0,3
BRDA:12,0,1,6
BRDA:13,1,0,2
BRDA:13,1,1,1
BRDA:13,2,0,3
BRDA:13,2,1,3
BRDA:13,2,2,1
BRDA:21,3,0,5
BRDA:21,3,1,1
BRDA:21,4,0,6
BRDA:21,4,1,6
BRDA:22,5,0,3
BRDA:22,5,1,2
BRDA:27,6,0,1
BRDA:27,6,1,1
BRDA:27,6,2,1
BRDA:27,6,3,1
BRDA:27,6,4,1
BRDA:27,6,5,1
BRF:19
BRH:19
end_of_record
TN:
SF:src/utils/status.parser.js
FN:8,(anonymous_0)
FNF:1
FNH:1
FNDA:5,(anonymous_0)
DA:8,2
DA:9,5
DA:10,1
DA:18,4
DA:19,4
DA:21,4
DA:23,1
DA:32,1
DA:41,1
DA:51,0
DA:59,1
DA:69,2
LF:12
LH:11
BRDA:9,0,0,1
BRDA:9,0,1,4
BRDA:19,1,0,4
BRDA:19,1,1,0
BRDA:21,2,0,1
BRDA:21,2,1,1
BRDA:21,2,2,1
BRDA:21,2,3,0
BRDA:21,2,4,1
BRDA:61,3,0,1
BRDA:61,3,1,0
BRF:11
BRH:8
end_of_record
TN:
SF:src/validation/schemas/escrow.schema.js
FNF:0
FNH:0
DA:1,2
DA:3,2
DA:10,2
DA:19,2
DA:25,2
LF:5
LH:5
BRF:0
BRH:0
end_of_record
